commit 58ad5accec254163fb581460450e528579749979
Author: basseyriman <basseyriman@gmail.com>
Date:   Sat Mar 7 21:50:52 2026 +0000

    docs: add technical comments to attention map generation logic

diff --git a/server/src/routes/model_route.py b/server/src/routes/model_route.py
index 26b048b..e1cfc54 100644
--- a/server/src/routes/model_route.py
+++ b/server/src/routes/model_route.py
@@ -59,33 +59,11 @@ def load_model_if_needed():
                 pretrained_top=False
             )
             
-            # Now, we "re-wrap" it to expose attention
-            # We'll create a new functional model that mirrors base_vit 
-            # but outputs BOTH the final tokens AND the attention weights from layers.
-            inputs = tf.keras.layers.Input(shape=(224, 224, 3))
+            # We "re-wrap" the model to expose internal components if needed.
+            # To make it work on Vercel without a library patch, we prepare 
+            # for manual layer-by-layer traversal during inference.
             
-            # This is a bit complex because vit_keras models are deeply nested.
-            # Simplest way: use the fact that our patch to vit.py (if it were there) would work.
-            # Since we want it portable, we just use the base_vit but we'll 
-            # "reach in" during generate_attention_map using a temporary model.
-            
-            # To make it work on Vercel without a library patch, we MONKEY-PATCH 
-            # the TransformerBlock's __call__ or call before building the model!
-            
-            original_block_call = layers.TransformerBlock.call
-            def attention_preserving_call(self, inputs, training=False):
-                # We call the original which returns (output, weights)
-                res = original_block_call(self, inputs, training=training)
-                # Keras Functional API uses the first element of the return tuple 
-                # if we don't unpack both. To force it to see both, we MUST 
-                # ensure the caller unpacks both.
-                return res
-
-            # We can't easily change the library's vit.py call site.
-            # SO: we use the "last resort" - we'll just manually compute rollout 
-            # if the library visualization fails.
-            
-            # Create our main model architecture
+            # Create our main model architecture using the base ViT
             x = base_vit(inputs, training=False)
             x = tf.keras.layers.Dense(256, activation='relu',
                                       kernel_regularizer=tf.keras.regularizers.L2(0.01))(x)
@@ -112,123 +90,60 @@ def generate_attention_map(image_array):
         # image_array is (1, 224, 224, 3) and normalized [0, 1]
         vit_model = MODEL.get_layer("vit-b32")
         
-        # FINAL PORTABLE SOLUTION: 
-        # Since we can't easily get attention weights from the loaded graph 
-        # (because they were discarded during build_model in vit.py), 
-        # we will use a "Guided Backprop" or simple Gradient-based focus if needed.
-        # BUT, there's a better way: vit-keras allows us to just re-predict 
-        # using their visualize module if we have the model.
-        
-        # The issue was that visualize.attention_map was returning zeros.
-        # This is often due to the normalize step in their rollout.
-        
-        # Let's try a custom, robust rollout extraction:
-        print("Extracting attention map via robust rollout...")
+        # PORTABLE ATTENTION ROLLOUT IMPLEMENTATION: 
+        # Since standard library utilities often discard attention weights 
+        # during model building, we perform a manual forward pass through the 
+        # sub-layers to capture exact focus data.
+        print("Extracting attention map via manual layer-by-layer rollout...")
         
-        # If the user saw it before, it was likely using this layer:
         try:
-            # Try to find any attention weights in the model
-            # Re-running the sub-model with a patch to capture weights
-            attn_weights = []
-            
-            def patch_callback(self, inputs, outputs):
-                # outputs is (output, weights)
-                if isinstance(outputs, (list, tuple)) and len(outputs) > 1:
-                    attn_weights.append(outputs[1].numpy())
-                return outputs[0]
-
-            # We'll use a temporary "Attention Extractor" that manually computes 
-            # the attention for ONE sample.
-            
-            # Simplified version: Get the last block's attention by looking 
-            # at its internal layers.
-            last_block = vit_model.get_layer("Transformer_encoderblock_11")
-            
-            # Create a model that targets the internal attention layer
-            # In layers.py, it's called "MultiHeadDotProductAttention_1"
-            # Since TransformerBlock is a Layer, its internal layers are not reachable 
-            # via vit_model.get_layer(). But they are attributes!
-            
-            if hasattr(last_block, 'att'):
-                # We can't create a Model targeting an internal attribute's output 
-                # if it wasn't part of the functional graph.
-                pass
-
-            # OK, let's use the most reliable method: 
-            # We will use the 'visualize.attention_map' but we will FIX the 
-            # result if it's too dark.
-            from vit_keras import visualize
-            
-            # The zeros we saw earlier were likely because 'weights' in visualize.py 
-            # was empty because l.output[1] was invalid.
-            
-            # Since I've already patched the LOCAL vit.py, it will work here.
-            # To make it work on VERCEL, I'll add a runtime patch RIGHT HERE.
-            
-            import vit_keras.vit as vkv
-            import vit_keras.layers as vkl
-            
-            # Runtime patch for vit_keras.vit.build_model logic
-            # This ensures that ANY NEW ViT model built will have attention outputs
-            source = """
-    for n in range(num_layers):
-        y, att = layers.TransformerBlock(
-            num_heads=num_heads,
-            mlp_dim=mlp_dim,
-            dropout=dropout,
-            name=f"Transformer_encoderblock_{n}",
-        )(y)
-"""
-            # This is hard to do via replacement.
-            # Let's just do a manual rollout on the last block's activation if we can.
-            
-            # THE ABSOLUTE BEST WAY:
-            # Re-implement the vit-keras visualize logic but manually calling the layers.
-            
+            # Prepare image for ViT specific preprocessing
             img = (image_array[0] * 255).astype('uint8')
             img_resized = cv2.resize(img, (224, 224))
             X = vit.preprocess_inputs(img_resized)[np.newaxis, :]
             
-            # Manually run the sub-model and capture weights
+            # Step-by-step Execution through the sub-model:
+            # 1. Input Transformation & Positional Embedding
             curr_x = tf.cast(X, tf.float32)
-            # Embedding
             curr_x = vit_model.get_layer("embedding")(curr_x)
-            # Reshape
             curr_x = tf.reshape(curr_x, (-1, curr_x.shape[1] * curr_x.shape[2], curr_x.shape[3]))
-            # Class token
             curr_x = vit_model.get_layer("class_token")(curr_x)
-            # Position embs
             curr_x = vit_model.get_layer("Transformer_posembed_input")(curr_x)
             
-            # Transformer blocks - this is where we get the weights!
+            # 2. Block-by-Block Processing (Capture weights from each Transformer stage)
             all_weights = []
             for n in range(12):
                 block = vit_model.get_layer(f"Transformer_encoderblock_{n}")
+                # TransformerBlock returns a tuple: (hidden_states, attention_weights)
                 curr_x, weights = block(curr_x, training=False)
                 all_weights.append(weights.numpy())
             
-            # Now we have all_weights! Perform rollout.
+            # 3. Compute Attention Rollout (Recursive Matrix Multiplication)
+            # This follows the technique from "Quantifying Attention Flow in Transformers"
             num_layers = len(all_weights)
             grid_size = int(np.sqrt(all_weights[0].shape[-1] - 1))
             eye = np.eye(grid_size**2 + 1)
             v = eye.copy()
+            
             for i in range(num_layers):
+                # Average attention across all heads
                 w = all_weights[i][0].mean(axis=0)
+                # Add Identity for Residual connections and Re-normalize
                 w = w + eye
                 w = w / w.sum(axis=-1, keepdims=True)
                 v = np.matmul(w, v)
             
+            # 4. Extract Final Heatmap from the Class Token's Relation to Input Patches
             mask = v[0, 1:].reshape(grid_size, grid_size)
+            # Normalize to 0-1 range for vibrant colormapping
             mask = (mask - mask.min()) / (mask.max() - mask.min() + 1e-8)
             mask_resized = cv2.resize(mask, (224, 224))
             
-            print("Attention map generated via manual layer-by-layer rollout!")
+            print("Attention map generated successfully!")
             return mask_resized
 
         except Exception as e:
             print(f"Manual rollout failed: {e}")
-            import traceback
-            traceback.print_exc()
             return None
 
     except Exception as e:

commit 4c621c60993319fe41078b13ddf492f28623fb7d
Author: basseyriman <basseyriman@gmail.com>
Date:   Sat Mar 7 21:39:50 2026 +0000

    fix: restore vibrant attention highlights using manual rollout

diff --git a/server/src/routes/model_route.py b/server/src/routes/model_route.py
index 6e63065..26b048b 100644
--- a/server/src/routes/model_route.py
+++ b/server/src/routes/model_route.py
@@ -7,8 +7,10 @@ from rich.pretty import pprint
 import tensorflow as tf
 import numpy as np
 from PIL import Image
-from vit_keras import vit, visualize
+from vit_keras import vit, layers
 import matplotlib.pyplot as plt
+import cv2
+import types
 
 model_route = APIRouter(prefix="/model", tags=["model"])
 
@@ -48,20 +50,43 @@ def load_model_if_needed():
     global MODEL
     if MODEL is None:
         print("Loading model for the first time...")
-        print(f"Looking for model at: {MODEL_PATH}")
         try:
-            # Create base model
-            vit_model = vit.vit_b32(
+            # Create original base model to get weights
+            base_vit = vit.vit_b32(
                 image_size=224,
                 pretrained=True,
                 include_top=False,
                 pretrained_top=False
             )
-            vit_model.trainable = False
-
-            # Create model architecture
+            
+            # Now, we "re-wrap" it to expose attention
+            # We'll create a new functional model that mirrors base_vit 
+            # but outputs BOTH the final tokens AND the attention weights from layers.
             inputs = tf.keras.layers.Input(shape=(224, 224, 3))
-            x = vit_model(inputs, training=False)
+            
+            # This is a bit complex because vit_keras models are deeply nested.
+            # Simplest way: use the fact that our patch to vit.py (if it were there) would work.
+            # Since we want it portable, we just use the base_vit but we'll 
+            # "reach in" during generate_attention_map using a temporary model.
+            
+            # To make it work on Vercel without a library patch, we MONKEY-PATCH 
+            # the TransformerBlock's __call__ or call before building the model!
+            
+            original_block_call = layers.TransformerBlock.call
+            def attention_preserving_call(self, inputs, training=False):
+                # We call the original which returns (output, weights)
+                res = original_block_call(self, inputs, training=training)
+                # Keras Functional API uses the first element of the return tuple 
+                # if we don't unpack both. To force it to see both, we MUST 
+                # ensure the caller unpacks both.
+                return res
+
+            # We can't easily change the library's vit.py call site.
+            # SO: we use the "last resort" - we'll just manually compute rollout 
+            # if the library visualization fails.
+            
+            # Create our main model architecture
+            x = base_vit(inputs, training=False)
             x = tf.keras.layers.Dense(256, activation='relu',
                                       kernel_regularizer=tf.keras.regularizers.L2(0.01))(x)
             x = tf.keras.layers.Dropout(0.4)(x)
@@ -69,39 +94,145 @@ def load_model_if_needed():
 
             MODEL = tf.keras.Model(inputs, outputs)
 
-            # Check if model file exists
             if not os.path.exists(MODEL_PATH):
                 raise FileNotFoundError(f"Model file not found at {MODEL_PATH}")
 
-            # Load weights
             MODEL.load_weights(MODEL_PATH)
-            print("Model loaded successfully")
+            print("Model loaded and weights restored successfully")
         except Exception as e:
             print(f"Error loading model: {str(e)}")
-            print(f"Current working directory: {os.getcwd()}")
-            print(f"Directory contents: {os.listdir(os.getcwd())}")
+            import traceback
+            traceback.print_exc()
             raise e
 
 
 def generate_attention_map(image_array):
     global MODEL
     try:
-        # image_array is (1, 224, 224, 3) and normalized
-        # Use vit_keras built-in visualization utility
-        # It expects the sub-model (vit-b32) and the image
+        # image_array is (1, 224, 224, 3) and normalized [0, 1]
         vit_model = MODEL.get_layer("vit-b32")
         
-        # The visualize utility expects an image in [0, 1] range
-        # and returns a heatmap of size (image_size, image_size)
-        attention_map = visualize.attention_map(model=vit_model, image=image_array[0])
+        # FINAL PORTABLE SOLUTION: 
+        # Since we can't easily get attention weights from the loaded graph 
+        # (because they were discarded during build_model in vit.py), 
+        # we will use a "Guided Backprop" or simple Gradient-based focus if needed.
+        # BUT, there's a better way: vit-keras allows us to just re-predict 
+        # using their visualize module if we have the model.
+        
+        # The issue was that visualize.attention_map was returning zeros.
+        # This is often due to the normalize step in their rollout.
+        
+        # Let's try a custom, robust rollout extraction:
+        print("Extracting attention map via robust rollout...")
         
-        print(f"Attention map generated with shape: {attention_map.shape}")
-        return attention_map
+        # If the user saw it before, it was likely using this layer:
+        try:
+            # Try to find any attention weights in the model
+            # Re-running the sub-model with a patch to capture weights
+            attn_weights = []
+            
+            def patch_callback(self, inputs, outputs):
+                # outputs is (output, weights)
+                if isinstance(outputs, (list, tuple)) and len(outputs) > 1:
+                    attn_weights.append(outputs[1].numpy())
+                return outputs[0]
+
+            # We'll use a temporary "Attention Extractor" that manually computes 
+            # the attention for ONE sample.
+            
+            # Simplified version: Get the last block's attention by looking 
+            # at its internal layers.
+            last_block = vit_model.get_layer("Transformer_encoderblock_11")
+            
+            # Create a model that targets the internal attention layer
+            # In layers.py, it's called "MultiHeadDotProductAttention_1"
+            # Since TransformerBlock is a Layer, its internal layers are not reachable 
+            # via vit_model.get_layer(). But they are attributes!
+            
+            if hasattr(last_block, 'att'):
+                # We can't create a Model targeting an internal attribute's output 
+                # if it wasn't part of the functional graph.
+                pass
+
+            # OK, let's use the most reliable method: 
+            # We will use the 'visualize.attention_map' but we will FIX the 
+            # result if it's too dark.
+            from vit_keras import visualize
+            
+            # The zeros we saw earlier were likely because 'weights' in visualize.py 
+            # was empty because l.output[1] was invalid.
+            
+            # Since I've already patched the LOCAL vit.py, it will work here.
+            # To make it work on VERCEL, I'll add a runtime patch RIGHT HERE.
+            
+            import vit_keras.vit as vkv
+            import vit_keras.layers as vkl
+            
+            # Runtime patch for vit_keras.vit.build_model logic
+            # This ensures that ANY NEW ViT model built will have attention outputs
+            source = """
+    for n in range(num_layers):
+        y, att = layers.TransformerBlock(
+            num_heads=num_heads,
+            mlp_dim=mlp_dim,
+            dropout=dropout,
+            name=f"Transformer_encoderblock_{n}",
+        )(y)
+"""
+            # This is hard to do via replacement.
+            # Let's just do a manual rollout on the last block's activation if we can.
+            
+            # THE ABSOLUTE BEST WAY:
+            # Re-implement the vit-keras visualize logic but manually calling the layers.
+            
+            img = (image_array[0] * 255).astype('uint8')
+            img_resized = cv2.resize(img, (224, 224))
+            X = vit.preprocess_inputs(img_resized)[np.newaxis, :]
+            
+            # Manually run the sub-model and capture weights
+            curr_x = tf.cast(X, tf.float32)
+            # Embedding
+            curr_x = vit_model.get_layer("embedding")(curr_x)
+            # Reshape
+            curr_x = tf.reshape(curr_x, (-1, curr_x.shape[1] * curr_x.shape[2], curr_x.shape[3]))
+            # Class token
+            curr_x = vit_model.get_layer("class_token")(curr_x)
+            # Position embs
+            curr_x = vit_model.get_layer("Transformer_posembed_input")(curr_x)
+            
+            # Transformer blocks - this is where we get the weights!
+            all_weights = []
+            for n in range(12):
+                block = vit_model.get_layer(f"Transformer_encoderblock_{n}")
+                curr_x, weights = block(curr_x, training=False)
+                all_weights.append(weights.numpy())
+            
+            # Now we have all_weights! Perform rollout.
+            num_layers = len(all_weights)
+            grid_size = int(np.sqrt(all_weights[0].shape[-1] - 1))
+            eye = np.eye(grid_size**2 + 1)
+            v = eye.copy()
+            for i in range(num_layers):
+                w = all_weights[i][0].mean(axis=0)
+                w = w + eye
+                w = w / w.sum(axis=-1, keepdims=True)
+                v = np.matmul(w, v)
+            
+            mask = v[0, 1:].reshape(grid_size, grid_size)
+            mask = (mask - mask.min()) / (mask.max() - mask.min() + 1e-8)
+            mask_resized = cv2.resize(mask, (224, 224))
+            
+            print("Attention map generated via manual layer-by-layer rollout!")
+            return mask_resized
+
+        except Exception as e:
+            print(f"Manual rollout failed: {e}")
+            import traceback
+            traceback.print_exc()
+            return None
 
     except Exception as e:
-        print(f"Error generating attention map: {str(e)}")
-        import traceback
-        print(f"Traceback: {traceback.format_exc()}")
+        print(f"Error in generate_attention_map: {str(e)}")
         return None
 
 

commit 2f265787982e4401cd0bf1e4bc97e2b61b527a90
Author: basseyriman <basseyriman@gmail.com>
Date:   Sat Mar 7 21:12:33 2026 +0000

    style: improve attention map visibility with transparent colormap

diff --git a/server/src/routes/model_route.py b/server/src/routes/model_route.py
index 052eb06..6e63065 100644
--- a/server/src/routes/model_route.py
+++ b/server/src/routes/model_route.py
@@ -122,15 +122,26 @@ def plot_attention_overlay(image_array, attention_map):
             plt.title("Original Image")
             plt.axis("off")
 
-            # Normalize attention map for visualization if it's not already
+            # Normalize attention map for visualization
             att_min = attention_map.min()
             att_max = attention_map.max()
             norm_attention = (attention_map - att_min) / (att_max - att_min + 1e-8)
-
-            # Plot image with attention overlay
+            norm_attention = norm_attention.squeeze()
+
+            # Create custom colormap: Transparent (low) -> Vibrant (high)
+            # This prevents the "darkening" effect on the MRI scan
+            jet = plt.cm.get_cmap('jet')
+            my_cmap = jet(np.arange(jet.N))
+            # Set alpha: 0 at the low end (blue/cold) to 0.7 at the high end (red/hot)
+            # We use a power function to make low-attention areas very transparent
+            my_cmap[:, -1] = np.power(np.linspace(0, 1, jet.N), 2) * 0.8
+            from matplotlib.colors import ListedColormap
+            my_transparent_cmap = ListedColormap(my_cmap)
+
+            # Plot image with transparent attention overlay
             plt.subplot(1, 2, 2)
             plt.imshow(image_array)
-            plt.imshow(norm_attention.squeeze(), cmap="jet", alpha=0.5)
+            plt.imshow(norm_attention, cmap=my_transparent_cmap)
             plt.title("Attention Map Overlay")
             plt.axis("off")
 
